Arguments: 
  /usr/local/Cellar/node/16.6.1/bin/node /usr/local/Cellar/yarn/1.22.10/libexec/bin/yarn.js add @typpes/node

PATH: 
  /usr/local/bin:/usr/bin:/bin:/usr/sbin:/sbin

Yarn version: 
  1.22.10

Node version: 
  16.6.1

Platform: 
  darwin x64

Trace: 
  Error: https://registry.npm.taobao.org/@typpes%2fnode: [NOT_FOUND] @typpes/node not found
      at Request.params.callback [as _callback] (/usr/local/Cellar/yarn/1.22.10/libexec/lib/cli.js:66988:18)
      at Request.self.callback (/usr/local/Cellar/yarn/1.22.10/libexec/lib/cli.js:140749:22)
      at Request.emit (node:events:394:28)
      at Request.<anonymous> (/usr/local/Cellar/yarn/1.22.10/libexec/lib/cli.js:141721:10)
      at Request.emit (node:events:394:28)
      at Gunzip.<anonymous> (/usr/local/Cellar/yarn/1.22.10/libexec/lib/cli.js:141643:12)
      at Object.onceWrapper (node:events:513:28)
      at Gunzip.emit (node:events:394:28)
      at endReadableNT (node:internal/streams/readable:1331:12)
      at processTicksAndRejections (node:internal/process/task_queues:83:21)

npm manifest: 
  {
    "name": "imageTypeCheck",
    "version": "1.0.0",
    "description": "用于对图片各项数据进行卡控的工具，一期仅支持图片类型的校验",
    "main": "main.js",
    "author": "柯镇恶",
    "license": "MIT",
    "dependencies": {
      "@types/node": "^18.7.11"
    }
  }

yarn manifest: 
  No manifest

Lockfile: 
  # THIS IS AN AUTOGENERATED FILE. DO NOT EDIT THIS FILE DIRECTLY.
  # yarn lockfile v1
  
  
  "@types/node@^18.7.11":
    version "18.7.12"
    resolved "https://registry.npmmirror.com/@types/node/-/node-18.7.12.tgz#18caab95fbcd03573661d1d0e709093ba8cb7682"
    integrity sha512-caqFX7GwvZ4KLnhpI9CfiMkgHKp6kvFAIgpkha0cjO7bAQvB6dWe+q3fTHmm7fQvv59pd4tPj77nriq2M6U2dw==
